Arguments: 
  /usr/local/bin/node /Users/janetkulyk/npm/bin/yarn add --dev babel-plugin-emotion

PATH: 
  /Library/Frameworks/Python.framework/Versions/3.7/bin:/usr/local/bin:/opt/local/bin:/opt/local/sbin:/usr/local/bin:/usr/bin:/bin:/usr/sbin:/sbin:/opt/X11/bin:/usr/local/git/bin:/Library/Frameworks/Python.framework/Versions/3.7/bin:/opt/local/bin:/opt/local/sbin:/Users/janetkulyk/pear/bin:/Users/janetkulyk/arc/arcanist/bin/:/usr/local/sbin:/usr/local/mysql/bin:/usr/local/Cellar/mongodb/3.0.2/bin:/usr/local/android-sdk/platform-tools:/usr/local/android-sdk/tools:/opt/node/bin:/Users/janetkulyk/npm:/Users/janetkulyk/npm/bin:/Users/janetkulyk/node_modules/.bin:/Users/janetkulyk/pear/bin:/Users/janetkulyk/arc/arcanist/bin/:/usr/local/sbin:/usr/local/bin:/usr/bin:/bin:/usr/sbin:/sbin:/opt/X11/bin:/usr/local/git/bin:/Library/Frameworks/Python.framework/Versions/3.7/bin:/opt/local/bin:/opt/local/sbin:/Users/janetkulyk/pear/bin:/Users/janetkulyk/arc/arcanist/bin/:/usr/local/sbin:/usr/local/mysql/bin:/usr/local/Cellar/mongodb/3.0.2/bin:/usr/local/android-sdk/platform-tools:/usr/local/android-sdk/tools:/opt/node/bin:/Users/janetkulyk/npm:/Users/janetkulyk/npm/bin:/Users/janetkulyk/node_modules/.bin:/Users/janetkulyk/pear/bin:/Users/janetkulyk/arc/arcanist/bin/:/usr/local/bin:/usr/local/mysql/bin:/usr/local/bin:/usr/bin:/bin:/usr/sbin:/sbin:/opt/X11/bin:/usr/local/git/bin:/Library/Frameworks/Python.framework/Versions/3.7/bin:/opt/local/bin:/opt/local/sbin:/Users/janetkulyk/pear/bin:/Users/janetkulyk/arc/arcanist/bin/:/usr/local/sbin:/usr/local/mysql/bin:/usr/local/Cellar/mongodb/3.0.2/bin:/usr/local/android-sdk/platform-tools:/usr/local/android-sdk/tools:/opt/node/bin:/Users/janetkulyk/npm:/Users/janetkulyk/npm/bin:/Users/janetkulyk/node_modules/.bin:/Users/janetkulyk/pear/bin:/Users/janetkulyk/arc/arcanist/bin/:/usr/local/sbin:/usr/local/bin:/usr/bin:/bin:/usr/sbin:/sbin:/opt/X11/bin:/usr/local/git/bin:/Library/Frameworks/Python.framework/Versions/3.7/bin:/opt/local/bin:/opt/local/sbin:/Users/janetkulyk/pear/bin:/Users/janetkulyk/arc/arcanist/bin/:/usr/local/sbin:/usr/local/mysql/bin:/usr/local/Cellar/mongodb/3.0.2/bin:/usr/local/android-sdk/platform-tools:/usr/local/android-sdk/tools:/opt/node/bin:/Users/janetkulyk/npm:/Users/janetkulyk/npm/bin:/Users/janetkulyk/node_modules/.bin:/Users/janetkulyk/pear/bin:/Users/janetkulyk/arc/arcanist/bin/:/usr/local/Cellar/mongodb/3.0.2/bin:/usr/local/mysql/bin:/usr/local/android-sdk/platform-tools:/usr/local/android-sdk/tools:/opt/node/bin:/Users/janetkulyk/npm:/Users/janetkulyk/npm/bin:/Users/janetkulyk/node_modules/.bin:/usr/local/android-sdk/platform-tools:/usr/local/android-sdk/tools

Yarn version: 
  1.6.0

Node version: 
  10.13.0

Platform: 
  darwin x64

Trace: 
  Error: https://registry.yarnpkg.com/@emotion%2fbabel-preset-css-prop: ETIMEDOUT
      at Timeout._onTimeout (/Users/janetkulyk/npm/lib/node_modules/yarn/lib/cli.js:133819:19)
      at ontimeout (timers.js:436:11)
      at tryOnTimeout (timers.js:300:5)
      at listOnTimeout (timers.js:263:5)
      at Timer.processTimers (timers.js:223:10)

npm manifest: 
  {
    "name": "janetkulyk",
    "version": "1.0.0",
    "description": "Personal Website",
    "main": "src/App.js",
    "author": "Janet Kulyk",
    "license": "ISC",
    "dependencies": {
      "@emotion/babel-preset-css-prop": "^10.0.9",
      "@emotion/core": "^10.0.10",
      "@emotion/styled": "^10.0.10",
      "@reach/router": "^1.2.1",
      "colors": "^1.3.3",
      "react": "^16.8.6",
      "react-accessible-accordion": "^3.0.0",
      "react-dom": "^16.8.6",
      "react-google-maps": "^9.4.5",
      "styled-components": "^4.2.0"
    },
    "devDependencies": {
      "babel-core": "^6.26.3",
      "babel-eslint": "^10.0.1",
      "babel-plugin-transform-class-properties": "^6.24.1",
      "babel-preset-env": "^1.7.0",
      "babel-preset-react": "^6.24.1",
      "eslint": "^5.12.1",
      "eslint-config-prettier": "^4.0.0",
      "eslint-plugin-import": "^2.15.0",
      "eslint-plugin-jsx-a11y": "^6.2.0",
      "eslint-plugin-react": "^7.12.4",
      "eslint-plugin-react-hooks": "^1.0.2",
      "parcel-bundler": "^1.12.1",
      "prettier": "^1.16.1"
    },
    "scripts": {
      "clear-build-cache": "rm -rf .cache/ dist/",
      "dev": "parcel src/index.html",
      "format": "prettier --write \"src/**/*.{js,jsx}\"",
      "format:check": "prettier --list-different \"src/**/*.{js,jsx}\"",
      "lint": "eslint \"src/**/*.{js,jsx}\" --quiet --fix",
      "test": "echo \"Error: no test specified\" && exit 1"
    },
    "browserslist": [
      "last 2 Chrome versions",
      "last 2 ChromeAndroid versions",
      "last 2 Firefox versions",
      "last 2 FirefoxAndroid versions",
      "last 2 Safari versions",
      "last 2 iOS versions",
      "last 2 Edge versions",
      "last 2 Opera versions",
      "last 2 OperaMobile versions"
    ]
  }

yarn manifest: 
  No manifest

Lockfile: 
  No lockfile
